<html>
<head>
<title>TestNG:  PrimesTests</title>
<link href="../testng.css" rel="stylesheet" type="text/css" />
<link href="../my-testng.css" rel="stylesheet" type="text/css" />

<style type="text/css">
.log { display: none;} 
.stack-trace { display: none;} 
</style>
<script type="text/javascript">
<!--
function flip(e) {
  current = e.style.display;
  if (current == 'block') {
    e.style.display = 'none';
    return 0;
  }
  else {
    e.style.display = 'block';
    return 1;
  }
}

function toggleBox(szDivId, elem, msg1, msg2)
{
  var res = -1;  if (document.getElementById) {
    res = flip(document.getElementById(szDivId));
  }
  else if (document.all) {
    // this is the way old msie versions work
    res = flip(document.all[szDivId]);
  }
  if(elem) {
    if(res == 0) elem.innerHTML = msg1; else elem.innerHTML = msg2;
  }

}

function toggleAllBoxes() {
  if (document.getElementsByTagName) {
    d = document.getElementsByTagName('div');
    for (i = 0; i < d.length; i++) {
      if (d[i].className == 'log') {
        flip(d[i]);
      }
    }
  }
}

// -->
</script>

</head>
<body>
<h2 align='center'>PrimesTests</h2><table border='1' align="center">
<tr>
<td>Tests passed/Failed/Skipped:</td><td>36/4/0</td>
</tr><tr>
<td>Started on:</td><td>Wed Feb 17 21:41:09 GMT 2021</td>
</tr>
<tr><td>Total time:</td><td>20 seconds (20053 ms)</td>
</tr><tr>
<td>Included groups:</td><td></td>
</tr><tr>
<td>Excluded groups:</td><td></td>
</tr>
</table><p/>
<small><i>(Hover the method name to see the test class name)</i></small><p/>
<table width='100%' border='1' class='invocation-failed'>
<tr><td colspan='4' align='center'><b>FAILED TESTS</b></td></tr>
<tr><td><b>Test method</b></td>
<td width="30%"><b>Exception</b></td>
<td width="10%"><b>Time (seconds)</b></td>
<td><b>Instance</b></td>
</tr>
<tr>
<td title='primes.PrimesTests.testStatusCodeEquals400()'><b>testStatusCodeEquals400</b><br>Test class: primes.PrimesTests<br>Parameters: 3, -3252</td>
<td><div><pre>java.lang.AssertionError: Testcase 3 has incorrect Status Code: expected [400] but found [200]
	at primes.PrimesTests.testStatusCodeEquals400(PrimesTests.java:43)
	at java.base/java.util.ArrayList.forEach(ArrayList.java:1510)
	at com.intellij.rt.testng.IDEARemoteTestNG.run(IDEARemoteTestNG.java:66)
	at com.intellij.rt.testng.RemoteTestNGStarter.main(RemoteTestNGStarter.java:109)
... Removed 29 stack frames</pre></div><a href='#' onClick='toggleBox("stack-trace1036938712", this, "Click to show all stack frames", "Click to hide stack frames")'>Click to show all stack frames</a>
<div class='stack-trace' id='stack-trace1036938712'><pre>java.lang.AssertionError: Testcase 3 has incorrect Status Code: expected [400] but found [200]
	at org.testng.Assert.fail(Assert.java:99)
	at org.testng.Assert.failNotEquals(Assert.java:1037)
	at org.testng.Assert.assertEqualsImpl(Assert.java:140)
	at org.testng.Assert.assertEquals(Assert.java:122)
	at org.testng.Assert.assertEquals(Assert.java:907)
	at primes.PrimesTests.testStatusCodeEquals400(PrimesTests.java:43)
	at java.base/jdk.internal.reflect.NativeMethodAccessorImpl.invoke0(Native Method)
	at java.base/jdk.internal.reflect.NativeMethodAccessorImpl.invoke(NativeMethodAccessorImpl.java:62)
	at java.base/jdk.internal.reflect.DelegatingMethodAccessorImpl.invoke(DelegatingMethodAccessorImpl.java:43)
	at java.base/java.lang.reflect.Method.invoke(Method.java:564)
	at org.testng.internal.MethodInvocationHelper.invokeMethod(MethodInvocationHelper.java:132)
	at org.testng.internal.TestInvoker.invokeMethod(TestInvoker.java:599)
	at org.testng.internal.TestInvoker.invokeTestMethod(TestInvoker.java:174)
	at org.testng.internal.MethodRunner.runInSequence(MethodRunner.java:46)
	at org.testng.internal.TestInvoker$MethodInvocationAgent.invoke(TestInvoker.java:822)
	at org.testng.internal.TestInvoker.invokeTestMethods(TestInvoker.java:147)
	at org.testng.internal.TestMethodWorker.invokeTestMethods(TestMethodWorker.java:146)
	at org.testng.internal.TestMethodWorker.run(TestMethodWorker.java:128)
	at java.base/java.util.ArrayList.forEach(ArrayList.java:1510)
	at org.testng.TestRunner.privateRun(TestRunner.java:764)
	at org.testng.TestRunner.run(TestRunner.java:585)
	at org.testng.SuiteRunner.runTest(SuiteRunner.java:384)
	at org.testng.SuiteRunner.runSequentially(SuiteRunner.java:378)
	at org.testng.SuiteRunner.privateRun(SuiteRunner.java:337)
	at org.testng.SuiteRunner.run(SuiteRunner.java:286)
	at org.testng.SuiteRunnerWorker.runSuite(SuiteRunnerWorker.java:53)
	at org.testng.SuiteRunnerWorker.run(SuiteRunnerWorker.java:96)
	at org.testng.TestNG.runSuitesSequentially(TestNG.java:1218)
	at org.testng.TestNG.runSuitesLocally(TestNG.java:1140)
	at org.testng.TestNG.runSuites(TestNG.java:1069)
	at org.testng.TestNG.run(TestNG.java:1037)
	at com.intellij.rt.testng.IDEARemoteTestNG.run(IDEARemoteTestNG.java:66)
	at com.intellij.rt.testng.RemoteTestNGStarter.main(RemoteTestNGStarter.java:109)
</pre></div></td>
<td>0</td>
<td>primes.PrimesTests@49e202ad</td></tr>
<tr>
<td title='primes.PrimesTests.testStatusCodeEquals400()'><b>testStatusCodeEquals400</b><br>Test class: primes.PrimesTests<br>Parameters: 10, -3535</td>
<td><div><pre>java.lang.AssertionError: Testcase 10 has incorrect Status Code: expected [400] but found [200]
	at primes.PrimesTests.testStatusCodeEquals400(PrimesTests.java:43)
	at java.base/java.util.ArrayList.forEach(ArrayList.java:1510)
	at com.intellij.rt.testng.IDEARemoteTestNG.run(IDEARemoteTestNG.java:66)
	at com.intellij.rt.testng.RemoteTestNGStarter.main(RemoteTestNGStarter.java:109)
... Removed 29 stack frames</pre></div><a href='#' onClick='toggleBox("stack-trace1939354020", this, "Click to show all stack frames", "Click to hide stack frames")'>Click to show all stack frames</a>
<div class='stack-trace' id='stack-trace1939354020'><pre>java.lang.AssertionError: Testcase 10 has incorrect Status Code: expected [400] but found [200]
	at org.testng.Assert.fail(Assert.java:99)
	at org.testng.Assert.failNotEquals(Assert.java:1037)
	at org.testng.Assert.assertEqualsImpl(Assert.java:140)
	at org.testng.Assert.assertEquals(Assert.java:122)
	at org.testng.Assert.assertEquals(Assert.java:907)
	at primes.PrimesTests.testStatusCodeEquals400(PrimesTests.java:43)
	at java.base/jdk.internal.reflect.NativeMethodAccessorImpl.invoke0(Native Method)
	at java.base/jdk.internal.reflect.NativeMethodAccessorImpl.invoke(NativeMethodAccessorImpl.java:62)
	at java.base/jdk.internal.reflect.DelegatingMethodAccessorImpl.invoke(DelegatingMethodAccessorImpl.java:43)
	at java.base/java.lang.reflect.Method.invoke(Method.java:564)
	at org.testng.internal.MethodInvocationHelper.invokeMethod(MethodInvocationHelper.java:132)
	at org.testng.internal.TestInvoker.invokeMethod(TestInvoker.java:599)
	at org.testng.internal.TestInvoker.invokeTestMethod(TestInvoker.java:174)
	at org.testng.internal.MethodRunner.runInSequence(MethodRunner.java:46)
	at org.testng.internal.TestInvoker$MethodInvocationAgent.invoke(TestInvoker.java:822)
	at org.testng.internal.TestInvoker.invokeTestMethods(TestInvoker.java:147)
	at org.testng.internal.TestMethodWorker.invokeTestMethods(TestMethodWorker.java:146)
	at org.testng.internal.TestMethodWorker.run(TestMethodWorker.java:128)
	at java.base/java.util.ArrayList.forEach(ArrayList.java:1510)
	at org.testng.TestRunner.privateRun(TestRunner.java:764)
	at org.testng.TestRunner.run(TestRunner.java:585)
	at org.testng.SuiteRunner.runTest(SuiteRunner.java:384)
	at org.testng.SuiteRunner.runSequentially(SuiteRunner.java:378)
	at org.testng.SuiteRunner.privateRun(SuiteRunner.java:337)
	at org.testng.SuiteRunner.run(SuiteRunner.java:286)
	at org.testng.SuiteRunnerWorker.runSuite(SuiteRunnerWorker.java:53)
	at org.testng.SuiteRunnerWorker.run(SuiteRunnerWorker.java:96)
	at org.testng.TestNG.runSuitesSequentially(TestNG.java:1218)
	at org.testng.TestNG.runSuitesLocally(TestNG.java:1140)
	at org.testng.TestNG.runSuites(TestNG.java:1069)
	at org.testng.TestNG.run(TestNG.java:1037)
	at com.intellij.rt.testng.IDEARemoteTestNG.run(IDEARemoteTestNG.java:66)
	at com.intellij.rt.testng.RemoteTestNGStarter.main(RemoteTestNGStarter.java:109)
</pre></div></td>
<td>0</td>
<td>primes.PrimesTests@49e202ad</td></tr>
<tr>
<td title='primes.PrimesTests.testStatusCodeEquals400()'><b>testStatusCodeEquals400</b><br>Test class: primes.PrimesTests<br>Parameters: 11, -235</td>
<td><div><pre>java.lang.AssertionError: Testcase 11 has incorrect Status Code: expected [400] but found [200]
	at primes.PrimesTests.testStatusCodeEquals400(PrimesTests.java:43)
	at java.base/java.util.ArrayList.forEach(ArrayList.java:1510)
	at com.intellij.rt.testng.IDEARemoteTestNG.run(IDEARemoteTestNG.java:66)
	at com.intellij.rt.testng.RemoteTestNGStarter.main(RemoteTestNGStarter.java:109)
... Removed 29 stack frames</pre></div><a href='#' onClick='toggleBox("stack-trace199320792", this, "Click to show all stack frames", "Click to hide stack frames")'>Click to show all stack frames</a>
<div class='stack-trace' id='stack-trace199320792'><pre>java.lang.AssertionError: Testcase 11 has incorrect Status Code: expected [400] but found [200]
	at org.testng.Assert.fail(Assert.java:99)
	at org.testng.Assert.failNotEquals(Assert.java:1037)
	at org.testng.Assert.assertEqualsImpl(Assert.java:140)
	at org.testng.Assert.assertEquals(Assert.java:122)
	at org.testng.Assert.assertEquals(Assert.java:907)
	at primes.PrimesTests.testStatusCodeEquals400(PrimesTests.java:43)
	at java.base/jdk.internal.reflect.NativeMethodAccessorImpl.invoke0(Native Method)
	at java.base/jdk.internal.reflect.NativeMethodAccessorImpl.invoke(NativeMethodAccessorImpl.java:62)
	at java.base/jdk.internal.reflect.DelegatingMethodAccessorImpl.invoke(DelegatingMethodAccessorImpl.java:43)
	at java.base/java.lang.reflect.Method.invoke(Method.java:564)
	at org.testng.internal.MethodInvocationHelper.invokeMethod(MethodInvocationHelper.java:132)
	at org.testng.internal.TestInvoker.invokeMethod(TestInvoker.java:599)
	at org.testng.internal.TestInvoker.invokeTestMethod(TestInvoker.java:174)
	at org.testng.internal.MethodRunner.runInSequence(MethodRunner.java:46)
	at org.testng.internal.TestInvoker$MethodInvocationAgent.invoke(TestInvoker.java:822)
	at org.testng.internal.TestInvoker.invokeTestMethods(TestInvoker.java:147)
	at org.testng.internal.TestMethodWorker.invokeTestMethods(TestMethodWorker.java:146)
	at org.testng.internal.TestMethodWorker.run(TestMethodWorker.java:128)
	at java.base/java.util.ArrayList.forEach(ArrayList.java:1510)
	at org.testng.TestRunner.privateRun(TestRunner.java:764)
	at org.testng.TestRunner.run(TestRunner.java:585)
	at org.testng.SuiteRunner.runTest(SuiteRunner.java:384)
	at org.testng.SuiteRunner.runSequentially(SuiteRunner.java:378)
	at org.testng.SuiteRunner.privateRun(SuiteRunner.java:337)
	at org.testng.SuiteRunner.run(SuiteRunner.java:286)
	at org.testng.SuiteRunnerWorker.runSuite(SuiteRunnerWorker.java:53)
	at org.testng.SuiteRunnerWorker.run(SuiteRunnerWorker.java:96)
	at org.testng.TestNG.runSuitesSequentially(TestNG.java:1218)
	at org.testng.TestNG.runSuitesLocally(TestNG.java:1140)
	at org.testng.TestNG.runSuites(TestNG.java:1069)
	at org.testng.TestNG.run(TestNG.java:1037)
	at com.intellij.rt.testng.IDEARemoteTestNG.run(IDEARemoteTestNG.java:66)
	at com.intellij.rt.testng.RemoteTestNGStarter.main(RemoteTestNGStarter.java:109)
</pre></div></td>
<td>0</td>
<td>primes.PrimesTests@49e202ad</td></tr>
<tr>
<td title='primes.PrimesTests.testStatusCodeEquals400()'><b>testStatusCodeEquals400</b><br>Test class: primes.PrimesTests<br>Parameters: 18, -10</td>
<td><div><pre>java.lang.AssertionError: Testcase 18 has incorrect Status Code: expected [400] but found [200]
	at primes.PrimesTests.testStatusCodeEquals400(PrimesTests.java:43)
	at java.base/java.util.ArrayList.forEach(ArrayList.java:1510)
	at com.intellij.rt.testng.IDEARemoteTestNG.run(IDEARemoteTestNG.java:66)
	at com.intellij.rt.testng.RemoteTestNGStarter.main(RemoteTestNGStarter.java:109)
... Removed 28 stack frames</pre></div><a href='#' onClick='toggleBox("stack-trace1392027380", this, "Click to show all stack frames", "Click to hide stack frames")'>Click to show all stack frames</a>
<div class='stack-trace' id='stack-trace1392027380'><pre>java.lang.AssertionError: Testcase 18 has incorrect Status Code: expected [400] but found [200]
	at org.testng.Assert.fail(Assert.java:99)
	at org.testng.Assert.failNotEquals(Assert.java:1037)
	at org.testng.Assert.assertEqualsImpl(Assert.java:140)
	at org.testng.Assert.assertEquals(Assert.java:122)
	at org.testng.Assert.assertEquals(Assert.java:907)
	at primes.PrimesTests.testStatusCodeEquals400(PrimesTests.java:43)
	at jdk.internal.reflect.GeneratedMethodAccessor118.invoke(Unknown Source)
	at java.base/jdk.internal.reflect.DelegatingMethodAccessorImpl.invoke(DelegatingMethodAccessorImpl.java:43)
	at java.base/java.lang.reflect.Method.invoke(Method.java:564)
	at org.testng.internal.MethodInvocationHelper.invokeMethod(MethodInvocationHelper.java:132)
	at org.testng.internal.TestInvoker.invokeMethod(TestInvoker.java:599)
	at org.testng.internal.TestInvoker.invokeTestMethod(TestInvoker.java:174)
	at org.testng.internal.MethodRunner.runInSequence(MethodRunner.java:46)
	at org.testng.internal.TestInvoker$MethodInvocationAgent.invoke(TestInvoker.java:822)
	at org.testng.internal.TestInvoker.invokeTestMethods(TestInvoker.java:147)
	at org.testng.internal.TestMethodWorker.invokeTestMethods(TestMethodWorker.java:146)
	at org.testng.internal.TestMethodWorker.run(TestMethodWorker.java:128)
	at java.base/java.util.ArrayList.forEach(ArrayList.java:1510)
	at org.testng.TestRunner.privateRun(TestRunner.java:764)
	at org.testng.TestRunner.run(TestRunner.java:585)
	at org.testng.SuiteRunner.runTest(SuiteRunner.java:384)
	at org.testng.SuiteRunner.runSequentially(SuiteRunner.java:378)
	at org.testng.SuiteRunner.privateRun(SuiteRunner.java:337)
	at org.testng.SuiteRunner.run(SuiteRunner.java:286)
	at org.testng.SuiteRunnerWorker.runSuite(SuiteRunnerWorker.java:53)
	at org.testng.SuiteRunnerWorker.run(SuiteRunnerWorker.java:96)
	at org.testng.TestNG.runSuitesSequentially(TestNG.java:1218)
	at org.testng.TestNG.runSuitesLocally(TestNG.java:1140)
	at org.testng.TestNG.runSuites(TestNG.java:1069)
	at org.testng.TestNG.run(TestNG.java:1037)
	at com.intellij.rt.testng.IDEARemoteTestNG.run(IDEARemoteTestNG.java:66)
	at com.intellij.rt.testng.RemoteTestNGStarter.main(RemoteTestNGStarter.java:109)
</pre></div></td>
<td>0</td>
<td>primes.PrimesTests@49e202ad</td></tr>
</table><p>
<table width='100%' border='1' class='invocation-passed'>
<tr><td colspan='4' align='center'><b>PASSED TESTS</b></td></tr>
<tr><td><b>Test method</b></td>
<td width="30%"><b>Exception</b></td>
<td width="10%"><b>Time (seconds)</b></td>
<td><b>Instance</b></td>
</tr>
<tr>
<td title='primes.PrimesTests.testStatusCodeEquals200()'><b>testStatusCodeEquals200</b><br>Test class: primes.PrimesTests<br>Parameters: 1, 0</td>
<td></td>
<td>2</td>
<td>primes.PrimesTests@49e202ad</td></tr>
<tr>
<td title='primes.PrimesTests.testStatusCodeEquals200()'><b>testStatusCodeEquals200</b><br>Test class: primes.PrimesTests<br>Parameters: 2, 1</td>
<td></td>
<td>0</td>
<td>primes.PrimesTests@49e202ad</td></tr>
<tr>
<td title='primes.PrimesTests.testStatusCodeEquals200()'><b>testStatusCodeEquals200</b><br>Test class: primes.PrimesTests<br>Parameters: 3, 10</td>
<td></td>
<td>0</td>
<td>primes.PrimesTests@49e202ad</td></tr>
<tr>
<td title='primes.PrimesTests.testStatusCodeEquals200()'><b>testStatusCodeEquals200</b><br>Test class: primes.PrimesTests<br>Parameters: 4, 23</td>
<td></td>
<td>0</td>
<td>primes.PrimesTests@49e202ad</td></tr>
<tr>
<td title='primes.PrimesTests.testStatusCodeEquals200()'><b>testStatusCodeEquals200</b><br>Test class: primes.PrimesTests<br>Parameters: 5, 100</td>
<td></td>
<td>0</td>
<td>primes.PrimesTests@49e202ad</td></tr>
<tr>
<td title='primes.PrimesTests.testStatusCodeEquals200()'><b>testStatusCodeEquals200</b><br>Test class: primes.PrimesTests<br>Parameters: 6, 636</td>
<td></td>
<td>0</td>
<td>primes.PrimesTests@49e202ad</td></tr>
<tr>
<td title='primes.PrimesTests.testStatusCodeEquals200()'><b>testStatusCodeEquals200</b><br>Test class: primes.PrimesTests<br>Parameters: 7, 8795</td>
<td></td>
<td>0</td>
<td>primes.PrimesTests@49e202ad</td></tr>
<tr>
<td title='primes.PrimesTests.testStatusCodeEquals200()'><b>testStatusCodeEquals200</b><br>Test class: primes.PrimesTests<br>Parameters: 8, 47477</td>
<td></td>
<td>0</td>
<td>primes.PrimesTests@49e202ad</td></tr>
<tr>
<td title='primes.PrimesTests.testStatusCodeEquals200()'><b>testStatusCodeEquals200</b><br>Test class: primes.PrimesTests<br>Parameters: 9, 687845</td>
<td></td>
<td>0</td>
<td>primes.PrimesTests@49e202ad</td></tr>
<tr>
<td title='primes.PrimesTests.testStatusCodeEquals200()'><b>testStatusCodeEquals200</b><br>Test class: primes.PrimesTests<br>Parameters: 10, 1241241</td>
<td></td>
<td>0</td>
<td>primes.PrimesTests@49e202ad</td></tr>
<tr>
<td title='primes.PrimesTests.testStatusCodeEquals200()'><b>testStatusCodeEquals200</b><br>Test class: primes.PrimesTests<br>Parameters: 11, 35352</td>
<td></td>
<td>0</td>
<td>primes.PrimesTests@49e202ad</td></tr>
<tr>
<td title='primes.PrimesTests.testStatusCodeEquals200()'><b>testStatusCodeEquals200</b><br>Test class: primes.PrimesTests<br>Parameters: 12, 236263</td>
<td></td>
<td>0</td>
<td>primes.PrimesTests@49e202ad</td></tr>
<tr>
<td title='primes.PrimesTests.testStatusCodeEquals200()'><b>testStatusCodeEquals200</b><br>Test class: primes.PrimesTests<br>Parameters: 13, 3623662</td>
<td></td>
<td>0</td>
<td>primes.PrimesTests@49e202ad</td></tr>
<tr>
<td title='primes.PrimesTests.testStatusCodeEquals200()'><b>testStatusCodeEquals200</b><br>Test class: primes.PrimesTests<br>Parameters: 14, 215125</td>
<td></td>
<td>0</td>
<td>primes.PrimesTests@49e202ad</td></tr>
<tr>
<td title='primes.PrimesTests.testStatusCodeEquals200()'><b>testStatusCodeEquals200</b><br>Test class: primes.PrimesTests<br>Parameters: 15, 12351</td>
<td></td>
<td>0</td>
<td>primes.PrimesTests@49e202ad</td></tr>
<tr>
<td title='primes.PrimesTests.testStatusCodeEquals200()'><b>testStatusCodeEquals200</b><br>Test class: primes.PrimesTests<br>Parameters: 16, 2356326</td>
<td></td>
<td>0</td>
<td>primes.PrimesTests@49e202ad</td></tr>
<tr>
<td title='primes.PrimesTests.testStatusCodeEquals200()'><b>testStatusCodeEquals200</b><br>Test class: primes.PrimesTests<br>Parameters: 17, 3</td>
<td></td>
<td>0</td>
<td>primes.PrimesTests@49e202ad</td></tr>
<tr>
<td title='primes.PrimesTests.testStatusCodeEquals200()'><b>testStatusCodeEquals200</b><br>Test class: primes.PrimesTests<br>Parameters: 18, 535</td>
<td></td>
<td>0</td>
<td>primes.PrimesTests@49e202ad</td></tr>
<tr>
<td title='primes.PrimesTests.testStatusCodeEquals200()'><b>testStatusCodeEquals200</b><br>Test class: primes.PrimesTests<br>Parameters: 19, 999999</td>
<td></td>
<td>0</td>
<td>primes.PrimesTests@49e202ad</td></tr>
<tr>
<td title='primes.PrimesTests.testStatusCodeEquals200()'><b>testStatusCodeEquals200</b><br>Test class: primes.PrimesTests<br>Parameters: 20, 1000001</td>
<td></td>
<td>0</td>
<td>primes.PrimesTests@49e202ad</td></tr>
<tr>
<td title='primes.PrimesTests.testStatusCodeEquals400()'><b>testStatusCodeEquals400</b><br>Test class: primes.PrimesTests<br>Parameters: 1, 10e</td>
<td></td>
<td>0</td>
<td>primes.PrimesTests@49e202ad</td></tr>
<tr>
<td title='primes.PrimesTests.testStatusCodeEquals400()'><b>testStatusCodeEquals400</b><br>Test class: primes.PrimesTests<br>Parameters: 2, 10.5345</td>
<td></td>
<td>0</td>
<td>primes.PrimesTests@49e202ad</td></tr>
<tr>
<td title='primes.PrimesTests.testStatusCodeEquals400()'><b>testStatusCodeEquals400</b><br>Test class: primes.PrimesTests<br>Parameters: 4, 1%</td>
<td></td>
<td>0</td>
<td>primes.PrimesTests@49e202ad</td></tr>
<tr>
<td title='primes.PrimesTests.testStatusCodeEquals400()'><b>testStatusCodeEquals400</b><br>Test class: primes.PrimesTests<br>Parameters: 5, wgwgwg</td>
<td></td>
<td>0</td>
<td>primes.PrimesTests@49e202ad</td></tr>
<tr>
<td title='primes.PrimesTests.testStatusCodeEquals400()'><b>testStatusCodeEquals400</b><br>Test class: primes.PrimesTests<br>Parameters: 6, wgwgwg</td>
<td></td>
<td>0</td>
<td>primes.PrimesTests@49e202ad</td></tr>
<tr>
<td title='primes.PrimesTests.testStatusCodeEquals400()'><b>testStatusCodeEquals400</b><br>Test class: primes.PrimesTests<br>Parameters: 7, ^*^8</td>
<td></td>
<td>0</td>
<td>primes.PrimesTests@49e202ad</td></tr>
<tr>
<td title='primes.PrimesTests.testStatusCodeEquals400()'><b>testStatusCodeEquals400</b><br>Test class: primes.PrimesTests<br>Parameters: 8, 80808*</td>
<td></td>
<td>0</td>
<td>primes.PrimesTests@49e202ad</td></tr>
<tr>
<td title='primes.PrimesTests.testStatusCodeEquals400()'><b>testStatusCodeEquals400</b><br>Test class: primes.PrimesTests<br>Parameters: 9, jjidÂ£</td>
<td></td>
<td>0</td>
<td>primes.PrimesTests@49e202ad</td></tr>
<tr>
<td title='primes.PrimesTests.testStatusCodeEquals400()'><b>testStatusCodeEquals400</b><br>Test class: primes.PrimesTests<br>Parameters: 12, kofkwokf9</td>
<td></td>
<td>0</td>
<td>primes.PrimesTests@49e202ad</td></tr>
<tr>
<td title='primes.PrimesTests.testStatusCodeEquals400()'><b>testStatusCodeEquals400</b><br>Test class: primes.PrimesTests<br>Parameters: 13, ,./?dwd</td>
<td></td>
<td>0</td>
<td>primes.PrimesTests@49e202ad</td></tr>
<tr>
<td title='primes.PrimesTests.testStatusCodeEquals400()'><b>testStatusCodeEquals400</b><br>Test class: primes.PrimesTests<br>Parameters: 14, "90g,p</td>
<td></td>
<td>0</td>
<td>primes.PrimesTests@49e202ad</td></tr>
<tr>
<td title='primes.PrimesTests.testStatusCodeEquals400()'><b>testStatusCodeEquals400</b><br>Test class: primes.PrimesTests<br>Parameters: 15, pi</td>
<td></td>
<td>0</td>
<td>primes.PrimesTests@49e202ad</td></tr>
<tr>
<td title='primes.PrimesTests.testStatusCodeEquals400()'><b>testStatusCodeEquals400</b><br>Test class: primes.PrimesTests<br>Parameters: 16, 10"fmm</td>
<td></td>
<td>0</td>
<td>primes.PrimesTests@49e202ad</td></tr>
<tr>
<td title='primes.PrimesTests.testStatusCodeEquals400()'><b>testStatusCodeEquals400</b><br>Test class: primes.PrimesTests<br>Parameters: 17, gghsrhs</td>
<td></td>
<td>0</td>
<td>primes.PrimesTests@49e202ad</td></tr>
<tr>
<td title='primes.PrimesTests.testStatusCodeEquals400()'><b>testStatusCodeEquals400</b><br>Test class: primes.PrimesTests<br>Parameters: 19, 55234.5</td>
<td></td>
<td>0</td>
<td>primes.PrimesTests@49e202ad</td></tr>
<tr>
<td title='primes.PrimesTests.testStatusCodeEquals400()'><b>testStatusCodeEquals400</b><br>Test class: primes.PrimesTests<br>Parameters: 20, flpqlfp)</td>
<td></td>
<td>0</td>
<td>primes.PrimesTests@49e202ad</td></tr>
</table><p>
</body>
</html>