<?xml version="1.0" encoding="UTF-8"?>
<testng-results ignored="0" total="40" passed="36" failed="4" skipped="0">
  <reporter-output>
  </reporter-output>
  <suite started-at="2021-02-17T21:41:09 GMT" name="Hiring Automation Test Suite" finished-at="2021-02-17T21:41:29 GMT" duration-ms="20053">
    <groups>
    </groups>
    <test started-at="2021-02-17T21:41:09 GMT" name="PrimesTests" finished-at="2021-02-17T21:41:29 GMT" duration-ms="20053">
      <class name="primes.PrimesTests">
        <test-method signature="testStatusCodeEquals200(java.lang.String, java.lang.String)[pri:0, instance:primes.PrimesTests@49e202ad]" started-at="2021-02-17T21:41:11 GMT" name="testStatusCodeEquals200" data-provider="testStatusCodeEquals200" finished-at="2021-02-17T21:41:13 GMT" duration-ms="2721" status="PASS">
          <params>
            <param index="0">
              <value>
                <![CDATA[1]]>
              </value>
            </param>
            <param index="1">
              <value>
                <![CDATA[0]]>
              </value>
            </param>
          </params>
          <reporter-output>
          </reporter-output>
        </test-method> <!-- testStatusCodeEquals200 -->
        <test-method signature="testStatusCodeEquals200(java.lang.String, java.lang.String)[pri:0, instance:primes.PrimesTests@49e202ad]" started-at="2021-02-17T21:41:13 GMT" name="testStatusCodeEquals200" data-provider="testStatusCodeEquals200" finished-at="2021-02-17T21:41:14 GMT" duration-ms="376" status="PASS">
          <params>
            <param index="0">
              <value>
                <![CDATA[2]]>
              </value>
            </param>
            <param index="1">
              <value>
                <![CDATA[1]]>
              </value>
            </param>
          </params>
          <reporter-output>
          </reporter-output>
        </test-method> <!-- testStatusCodeEquals200 -->
        <test-method signature="testStatusCodeEquals200(java.lang.String, java.lang.String)[pri:0, instance:primes.PrimesTests@49e202ad]" started-at="2021-02-17T21:41:14 GMT" name="testStatusCodeEquals200" data-provider="testStatusCodeEquals200" finished-at="2021-02-17T21:41:14 GMT" duration-ms="304" status="PASS">
          <params>
            <param index="0">
              <value>
                <![CDATA[3]]>
              </value>
            </param>
            <param index="1">
              <value>
                <![CDATA[10]]>
              </value>
            </param>
          </params>
          <reporter-output>
          </reporter-output>
        </test-method> <!-- testStatusCodeEquals200 -->
        <test-method signature="testStatusCodeEquals200(java.lang.String, java.lang.String)[pri:0, instance:primes.PrimesTests@49e202ad]" started-at="2021-02-17T21:41:14 GMT" name="testStatusCodeEquals200" data-provider="testStatusCodeEquals200" finished-at="2021-02-17T21:41:15 GMT" duration-ms="403" status="PASS">
          <params>
            <param index="0">
              <value>
                <![CDATA[4]]>
              </value>
            </param>
            <param index="1">
              <value>
                <![CDATA[23]]>
              </value>
            </param>
          </params>
          <reporter-output>
          </reporter-output>
        </test-method> <!-- testStatusCodeEquals200 -->
        <test-method signature="testStatusCodeEquals200(java.lang.String, java.lang.String)[pri:0, instance:primes.PrimesTests@49e202ad]" started-at="2021-02-17T21:41:15 GMT" name="testStatusCodeEquals200" data-provider="testStatusCodeEquals200" finished-at="2021-02-17T21:41:15 GMT" duration-ms="440" status="PASS">
          <params>
            <param index="0">
              <value>
                <![CDATA[5]]>
              </value>
            </param>
            <param index="1">
              <value>
                <![CDATA[100]]>
              </value>
            </param>
          </params>
          <reporter-output>
          </reporter-output>
        </test-method> <!-- testStatusCodeEquals200 -->
        <test-method signature="testStatusCodeEquals200(java.lang.String, java.lang.String)[pri:0, instance:primes.PrimesTests@49e202ad]" started-at="2021-02-17T21:41:15 GMT" name="testStatusCodeEquals200" data-provider="testStatusCodeEquals200" finished-at="2021-02-17T21:41:15 GMT" duration-ms="467" status="PASS">
          <params>
            <param index="0">
              <value>
                <![CDATA[6]]>
              </value>
            </param>
            <param index="1">
              <value>
                <![CDATA[636]]>
              </value>
            </param>
          </params>
          <reporter-output>
          </reporter-output>
        </test-method> <!-- testStatusCodeEquals200 -->
        <test-method signature="testStatusCodeEquals200(java.lang.String, java.lang.String)[pri:0, instance:primes.PrimesTests@49e202ad]" started-at="2021-02-17T21:41:15 GMT" name="testStatusCodeEquals200" data-provider="testStatusCodeEquals200" finished-at="2021-02-17T21:41:16 GMT" duration-ms="336" status="PASS">
          <params>
            <param index="0">
              <value>
                <![CDATA[7]]>
              </value>
            </param>
            <param index="1">
              <value>
                <![CDATA[8795]]>
              </value>
            </param>
          </params>
          <reporter-output>
          </reporter-output>
        </test-method> <!-- testStatusCodeEquals200 -->
        <test-method signature="testStatusCodeEquals200(java.lang.String, java.lang.String)[pri:0, instance:primes.PrimesTests@49e202ad]" started-at="2021-02-17T21:41:16 GMT" name="testStatusCodeEquals200" data-provider="testStatusCodeEquals200" finished-at="2021-02-17T21:41:16 GMT" duration-ms="352" status="PASS">
          <params>
            <param index="0">
              <value>
                <![CDATA[8]]>
              </value>
            </param>
            <param index="1">
              <value>
                <![CDATA[47477]]>
              </value>
            </param>
          </params>
          <reporter-output>
          </reporter-output>
        </test-method> <!-- testStatusCodeEquals200 -->
        <test-method signature="testStatusCodeEquals200(java.lang.String, java.lang.String)[pri:0, instance:primes.PrimesTests@49e202ad]" started-at="2021-02-17T21:41:16 GMT" name="testStatusCodeEquals200" data-provider="testStatusCodeEquals200" finished-at="2021-02-17T21:41:17 GMT" duration-ms="554" status="PASS">
          <params>
            <param index="0">
              <value>
                <![CDATA[9]]>
              </value>
            </param>
            <param index="1">
              <value>
                <![CDATA[687845]]>
              </value>
            </param>
          </params>
          <reporter-output>
          </reporter-output>
        </test-method> <!-- testStatusCodeEquals200 -->
        <test-method signature="testStatusCodeEquals200(java.lang.String, java.lang.String)[pri:0, instance:primes.PrimesTests@49e202ad]" started-at="2021-02-17T21:41:17 GMT" name="testStatusCodeEquals200" data-provider="testStatusCodeEquals200" finished-at="2021-02-17T21:41:17 GMT" duration-ms="632" status="PASS">
          <params>
            <param index="0">
              <value>
                <![CDATA[10]]>
              </value>
            </param>
            <param index="1">
              <value>
                <![CDATA[1241241]]>
              </value>
            </param>
          </params>
          <reporter-output>
          </reporter-output>
        </test-method> <!-- testStatusCodeEquals200 -->
        <test-method signature="testStatusCodeEquals200(java.lang.String, java.lang.String)[pri:0, instance:primes.PrimesTests@49e202ad]" started-at="2021-02-17T21:41:17 GMT" name="testStatusCodeEquals200" data-provider="testStatusCodeEquals200" finished-at="2021-02-17T21:41:18 GMT" duration-ms="312" status="PASS">
          <params>
            <param index="0">
              <value>
                <![CDATA[11]]>
              </value>
            </param>
            <param index="1">
              <value>
                <![CDATA[35352]]>
              </value>
            </param>
          </params>
          <reporter-output>
          </reporter-output>
        </test-method> <!-- testStatusCodeEquals200 -->
        <test-method signature="testStatusCodeEquals200(java.lang.String, java.lang.String)[pri:0, instance:primes.PrimesTests@49e202ad]" started-at="2021-02-17T21:41:18 GMT" name="testStatusCodeEquals200" data-provider="testStatusCodeEquals200" finished-at="2021-02-17T21:41:18 GMT" duration-ms="480" status="PASS">
          <params>
            <param index="0">
              <value>
                <![CDATA[12]]>
              </value>
            </param>
            <param index="1">
              <value>
                <![CDATA[236263]]>
              </value>
            </param>
          </params>
          <reporter-output>
          </reporter-output>
        </test-method> <!-- testStatusCodeEquals200 -->
        <test-method signature="testStatusCodeEquals200(java.lang.String, java.lang.String)[pri:0, instance:primes.PrimesTests@49e202ad]" started-at="2021-02-17T21:41:18 GMT" name="testStatusCodeEquals200" data-provider="testStatusCodeEquals200" finished-at="2021-02-17T21:41:19 GMT" duration-ms="984" status="PASS">
          <params>
            <param index="0">
              <value>
                <![CDATA[13]]>
              </value>
            </param>
            <param index="1">
              <value>
                <![CDATA[3623662]]>
              </value>
            </param>
          </params>
          <reporter-output>
          </reporter-output>
        </test-method> <!-- testStatusCodeEquals200 -->
        <test-method signature="testStatusCodeEquals200(java.lang.String, java.lang.String)[pri:0, instance:primes.PrimesTests@49e202ad]" started-at="2021-02-17T21:41:19 GMT" name="testStatusCodeEquals200" data-provider="testStatusCodeEquals200" finished-at="2021-02-17T21:41:20 GMT" duration-ms="440" status="PASS">
          <params>
            <param index="0">
              <value>
                <![CDATA[14]]>
              </value>
            </param>
            <param index="1">
              <value>
                <![CDATA[215125]]>
              </value>
            </param>
          </params>
          <reporter-output>
          </reporter-output>
        </test-method> <!-- testStatusCodeEquals200 -->
        <test-method signature="testStatusCodeEquals200(java.lang.String, java.lang.String)[pri:0, instance:primes.PrimesTests@49e202ad]" started-at="2021-02-17T21:41:20 GMT" name="testStatusCodeEquals200" data-provider="testStatusCodeEquals200" finished-at="2021-02-17T21:41:20 GMT" duration-ms="328" status="PASS">
          <params>
            <param index="0">
              <value>
                <![CDATA[15]]>
              </value>
            </param>
            <param index="1">
              <value>
                <![CDATA[12351]]>
              </value>
            </param>
          </params>
          <reporter-output>
          </reporter-output>
        </test-method> <!-- testStatusCodeEquals200 -->
        <test-method signature="testStatusCodeEquals200(java.lang.String, java.lang.String)[pri:0, instance:primes.PrimesTests@49e202ad]" started-at="2021-02-17T21:41:20 GMT" name="testStatusCodeEquals200" data-provider="testStatusCodeEquals200" finished-at="2021-02-17T21:41:21 GMT" duration-ms="843" status="PASS">
          <params>
            <param index="0">
              <value>
                <![CDATA[16]]>
              </value>
            </param>
            <param index="1">
              <value>
                <![CDATA[2356326]]>
              </value>
            </param>
          </params>
          <reporter-output>
          </reporter-output>
        </test-method> <!-- testStatusCodeEquals200 -->
        <test-method signature="testStatusCodeEquals200(java.lang.String, java.lang.String)[pri:0, instance:primes.PrimesTests@49e202ad]" started-at="2021-02-17T21:41:21 GMT" name="testStatusCodeEquals200" data-provider="testStatusCodeEquals200" finished-at="2021-02-17T21:41:21 GMT" duration-ms="264" status="PASS">
          <params>
            <param index="0">
              <value>
                <![CDATA[17]]>
              </value>
            </param>
            <param index="1">
              <value>
                <![CDATA[3]]>
              </value>
            </param>
          </params>
          <reporter-output>
          </reporter-output>
        </test-method> <!-- testStatusCodeEquals200 -->
        <test-method signature="testStatusCodeEquals200(java.lang.String, java.lang.String)[pri:0, instance:primes.PrimesTests@49e202ad]" started-at="2021-02-17T21:41:21 GMT" name="testStatusCodeEquals200" data-provider="testStatusCodeEquals200" finished-at="2021-02-17T21:41:21 GMT" duration-ms="416" status="PASS">
          <params>
            <param index="0">
              <value>
                <![CDATA[18]]>
              </value>
            </param>
            <param index="1">
              <value>
                <![CDATA[535]]>
              </value>
            </param>
          </params>
          <reporter-output>
          </reporter-output>
        </test-method> <!-- testStatusCodeEquals200 -->
        <test-method signature="testStatusCodeEquals200(java.lang.String, java.lang.String)[pri:0, instance:primes.PrimesTests@49e202ad]" started-at="2021-02-17T21:41:21 GMT" name="testStatusCodeEquals200" data-provider="testStatusCodeEquals200" finished-at="2021-02-17T21:41:22 GMT" duration-ms="552" status="PASS">
          <params>
            <param index="0">
              <value>
                <![CDATA[19]]>
              </value>
            </param>
            <param index="1">
              <value>
                <![CDATA[999999]]>
              </value>
            </param>
          </params>
          <reporter-output>
          </reporter-output>
        </test-method> <!-- testStatusCodeEquals200 -->
        <test-method signature="testStatusCodeEquals200(java.lang.String, java.lang.String)[pri:0, instance:primes.PrimesTests@49e202ad]" started-at="2021-02-17T21:41:22 GMT" name="testStatusCodeEquals200" data-provider="testStatusCodeEquals200" finished-at="2021-02-17T21:41:22 GMT" duration-ms="520" status="PASS">
          <params>
            <param index="0">
              <value>
                <![CDATA[20]]>
              </value>
            </param>
            <param index="1">
              <value>
                <![CDATA[1000001]]>
              </value>
            </param>
          </params>
          <reporter-output>
          </reporter-output>
        </test-method> <!-- testStatusCodeEquals200 -->
        <test-method signature="testStatusCodeEquals400(java.lang.String, java.lang.String)[pri:0, instance:primes.PrimesTests@49e202ad]" started-at="2021-02-17T21:41:23 GMT" name="testStatusCodeEquals400" data-provider="testStatusCodeEquals400" finished-at="2021-02-17T21:41:23 GMT" duration-ms="264" status="PASS">
          <params>
            <param index="0">
              <value>
                <![CDATA[1]]>
              </value>
            </param>
            <param index="1">
              <value>
                <![CDATA[10e]]>
              </value>
            </param>
          </params>
          <reporter-output>
          </reporter-output>
        </test-method> <!-- testStatusCodeEquals400 -->
        <test-method signature="testStatusCodeEquals400(java.lang.String, java.lang.String)[pri:0, instance:primes.PrimesTests@49e202ad]" started-at="2021-02-17T21:41:23 GMT" name="testStatusCodeEquals400" data-provider="testStatusCodeEquals400" finished-at="2021-02-17T21:41:23 GMT" duration-ms="304" status="PASS">
          <params>
            <param index="0">
              <value>
                <![CDATA[2]]>
              </value>
            </param>
            <param index="1">
              <value>
                <![CDATA[10.5345]]>
              </value>
            </param>
          </params>
          <reporter-output>
          </reporter-output>
        </test-method> <!-- testStatusCodeEquals400 -->
        <test-method signature="testStatusCodeEquals400(java.lang.String, java.lang.String)[pri:0, instance:primes.PrimesTests@49e202ad]" started-at="2021-02-17T21:41:23 GMT" name="testStatusCodeEquals400" data-provider="testStatusCodeEquals400" finished-at="2021-02-17T21:41:23 GMT" duration-ms="310" status="FAIL">
          <params>
            <param index="0">
              <value>
                <![CDATA[3]]>
              </value>
            </param>
            <param index="1">
              <value>
                <![CDATA[-3252]]>
              </value>
            </param>
          </params>
          <exception class="java.lang.AssertionError">
            <message>
              <![CDATA[Testcase 3 has incorrect Status Code: expected [400] but found [200]]]>
            </message>
            <full-stacktrace>
              <![CDATA[java.lang.AssertionError: Testcase 3 has incorrect Status Code: expected [400] but found [200]
at org.testng.Assert.fail(Assert.java:99)
at org.testng.Assert.failNotEquals(Assert.java:1037)
at org.testng.Assert.assertEqualsImpl(Assert.java:140)
at org.testng.Assert.assertEquals(Assert.java:122)
at org.testng.Assert.assertEquals(Assert.java:907)
at primes.PrimesTests.testStatusCodeEquals400(PrimesTests.java:43)
at java.base/jdk.internal.reflect.NativeMethodAccessorImpl.invoke0(Native Method)
at java.base/jdk.internal.reflect.NativeMethodAccessorImpl.invoke(NativeMethodAccessorImpl.java:62)
at java.base/jdk.internal.reflect.DelegatingMethodAccessorImpl.invoke(DelegatingMethodAccessorImpl.java:43)
at java.base/java.lang.reflect.Method.invoke(Method.java:564)
at org.testng.internal.MethodInvocationHelper.invokeMethod(MethodInvocationHelper.java:132)
at org.testng.internal.TestInvoker.invokeMethod(TestInvoker.java:599)
at org.testng.internal.TestInvoker.invokeTestMethod(TestInvoker.java:174)
at org.testng.internal.MethodRunner.runInSequence(MethodRunner.java:46)
at org.testng.internal.TestInvoker$MethodInvocationAgent.invoke(TestInvoker.java:822)
at org.testng.internal.TestInvoker.invokeTestMethods(TestInvoker.java:147)
at org.testng.internal.TestMethodWorker.invokeTestMethods(TestMethodWorker.java:146)
at org.testng.internal.TestMethodWorker.run(TestMethodWorker.java:128)
at java.base/java.util.ArrayList.forEach(ArrayList.java:1510)
at org.testng.TestRunner.privateRun(TestRunner.java:764)
at org.testng.TestRunner.run(TestRunner.java:585)
at org.testng.SuiteRunner.runTest(SuiteRunner.java:384)
at org.testng.SuiteRunner.runSequentially(SuiteRunner.java:378)
at org.testng.SuiteRunner.privateRun(SuiteRunner.java:337)
at org.testng.SuiteRunner.run(SuiteRunner.java:286)
at org.testng.SuiteRunnerWorker.runSuite(SuiteRunnerWorker.java:53)
at org.testng.SuiteRunnerWorker.run(SuiteRunnerWorker.java:96)
at org.testng.TestNG.runSuitesSequentially(TestNG.java:1218)
at org.testng.TestNG.runSuitesLocally(TestNG.java:1140)
at org.testng.TestNG.runSuites(TestNG.java:1069)
at org.testng.TestNG.run(TestNG.java:1037)
at com.intellij.rt.testng.IDEARemoteTestNG.run(IDEARemoteTestNG.java:66)
at com.intellij.rt.testng.RemoteTestNGStarter.main(RemoteTestNGStarter.java:109)
]]>
            </full-stacktrace>
          </exception> <!-- java.lang.AssertionError -->
          <reporter-output>
          </reporter-output>
        </test-method> <!-- testStatusCodeEquals400 -->
        <test-method signature="testStatusCodeEquals400(java.lang.String, java.lang.String)[pri:0, instance:primes.PrimesTests@49e202ad]" started-at="2021-02-17T21:41:23 GMT" name="testStatusCodeEquals400" data-provider="testStatusCodeEquals400" finished-at="2021-02-17T21:41:24 GMT" duration-ms="296" status="PASS">
          <params>
            <param index="0">
              <value>
                <![CDATA[4]]>
              </value>
            </param>
            <param index="1">
              <value>
                <![CDATA[1%]]>
              </value>
            </param>
          </params>
          <reporter-output>
          </reporter-output>
        </test-method> <!-- testStatusCodeEquals400 -->
        <test-method signature="testStatusCodeEquals400(java.lang.String, java.lang.String)[pri:0, instance:primes.PrimesTests@49e202ad]" started-at="2021-02-17T21:41:24 GMT" name="testStatusCodeEquals400" data-provider="testStatusCodeEquals400" finished-at="2021-02-17T21:41:24 GMT" duration-ms="299" status="PASS">
          <params>
            <param index="0">
              <value>
                <![CDATA[5]]>
              </value>
            </param>
            <param index="1">
              <value>
                <![CDATA[wgwgwg]]>
              </value>
            </param>
          </params>
          <reporter-output>
          </reporter-output>
        </test-method> <!-- testStatusCodeEquals400 -->
        <test-method signature="testStatusCodeEquals400(java.lang.String, java.lang.String)[pri:0, instance:primes.PrimesTests@49e202ad]" started-at="2021-02-17T21:41:24 GMT" name="testStatusCodeEquals400" data-provider="testStatusCodeEquals400" finished-at="2021-02-17T21:41:24 GMT" duration-ms="312" status="PASS">
          <params>
            <param index="0">
              <value>
                <![CDATA[6]]>
              </value>
            </param>
            <param index="1">
              <value>
                <![CDATA[wgwgwg]]>
              </value>
            </param>
          </params>
          <reporter-output>
          </reporter-output>
        </test-method> <!-- testStatusCodeEquals400 -->
        <test-method signature="testStatusCodeEquals400(java.lang.String, java.lang.String)[pri:0, instance:primes.PrimesTests@49e202ad]" started-at="2021-02-17T21:41:24 GMT" name="testStatusCodeEquals400" data-provider="testStatusCodeEquals400" finished-at="2021-02-17T21:41:25 GMT" duration-ms="304" status="PASS">
          <params>
            <param index="0">
              <value>
                <![CDATA[7]]>
              </value>
            </param>
            <param index="1">
              <value>
                <![CDATA[^*^8]]>
              </value>
            </param>
          </params>
          <reporter-output>
          </reporter-output>
        </test-method> <!-- testStatusCodeEquals400 -->
        <test-method signature="testStatusCodeEquals400(java.lang.String, java.lang.String)[pri:0, instance:primes.PrimesTests@49e202ad]" started-at="2021-02-17T21:41:25 GMT" name="testStatusCodeEquals400" data-provider="testStatusCodeEquals400" finished-at="2021-02-17T21:41:25 GMT" duration-ms="408" status="PASS">
          <params>
            <param index="0">
              <value>
                <![CDATA[8]]>
              </value>
            </param>
            <param index="1">
              <value>
                <![CDATA[80808*]]>
              </value>
            </param>
          </params>
          <reporter-output>
          </reporter-output>
        </test-method> <!-- testStatusCodeEquals400 -->
        <test-method signature="testStatusCodeEquals400(java.lang.String, java.lang.String)[pri:0, instance:primes.PrimesTests@49e202ad]" started-at="2021-02-17T21:41:25 GMT" name="testStatusCodeEquals400" data-provider="testStatusCodeEquals400" finished-at="2021-02-17T21:41:25 GMT" duration-ms="304" status="PASS">
          <params>
            <param index="0">
              <value>
                <![CDATA[9]]>
              </value>
            </param>
            <param index="1">
              <value>
                <![CDATA[jjidÂ£]]>
              </value>
            </param>
          </params>
          <reporter-output>
          </reporter-output>
        </test-method> <!-- testStatusCodeEquals400 -->
        <test-method signature="testStatusCodeEquals400(java.lang.String, java.lang.String)[pri:0, instance:primes.PrimesTests@49e202ad]" started-at="2021-02-17T21:41:25 GMT" name="testStatusCodeEquals400" data-provider="testStatusCodeEquals400" finished-at="2021-02-17T21:41:26 GMT" duration-ms="328" status="FAIL">
          <params>
            <param index="0">
              <value>
                <![CDATA[10]]>
              </value>
            </param>
            <param index="1">
              <value>
                <![CDATA[-3535]]>
              </value>
            </param>
          </params>
          <exception class="java.lang.AssertionError">
            <message>
              <![CDATA[Testcase 10 has incorrect Status Code: expected [400] but found [200]]]>
            </message>
            <full-stacktrace>
              <![CDATA[java.lang.AssertionError: Testcase 10 has incorrect Status Code: expected [400] but found [200]
at org.testng.Assert.fail(Assert.java:99)
at org.testng.Assert.failNotEquals(Assert.java:1037)
at org.testng.Assert.assertEqualsImpl(Assert.java:140)
at org.testng.Assert.assertEquals(Assert.java:122)
at org.testng.Assert.assertEquals(Assert.java:907)
at primes.PrimesTests.testStatusCodeEquals400(PrimesTests.java:43)
at java.base/jdk.internal.reflect.NativeMethodAccessorImpl.invoke0(Native Method)
at java.base/jdk.internal.reflect.NativeMethodAccessorImpl.invoke(NativeMethodAccessorImpl.java:62)
at java.base/jdk.internal.reflect.DelegatingMethodAccessorImpl.invoke(DelegatingMethodAccessorImpl.java:43)
at java.base/java.lang.reflect.Method.invoke(Method.java:564)
at org.testng.internal.MethodInvocationHelper.invokeMethod(MethodInvocationHelper.java:132)
at org.testng.internal.TestInvoker.invokeMethod(TestInvoker.java:599)
at org.testng.internal.TestInvoker.invokeTestMethod(TestInvoker.java:174)
at org.testng.internal.MethodRunner.runInSequence(MethodRunner.java:46)
at org.testng.internal.TestInvoker$MethodInvocationAgent.invoke(TestInvoker.java:822)
at org.testng.internal.TestInvoker.invokeTestMethods(TestInvoker.java:147)
at org.testng.internal.TestMethodWorker.invokeTestMethods(TestMethodWorker.java:146)
at org.testng.internal.TestMethodWorker.run(TestMethodWorker.java:128)
at java.base/java.util.ArrayList.forEach(ArrayList.java:1510)
at org.testng.TestRunner.privateRun(TestRunner.java:764)
at org.testng.TestRunner.run(TestRunner.java:585)
at org.testng.SuiteRunner.runTest(SuiteRunner.java:384)
at org.testng.SuiteRunner.runSequentially(SuiteRunner.java:378)
at org.testng.SuiteRunner.privateRun(SuiteRunner.java:337)
at org.testng.SuiteRunner.run(SuiteRunner.java:286)
at org.testng.SuiteRunnerWorker.runSuite(SuiteRunnerWorker.java:53)
at org.testng.SuiteRunnerWorker.run(SuiteRunnerWorker.java:96)
at org.testng.TestNG.runSuitesSequentially(TestNG.java:1218)
at org.testng.TestNG.runSuitesLocally(TestNG.java:1140)
at org.testng.TestNG.runSuites(TestNG.java:1069)
at org.testng.TestNG.run(TestNG.java:1037)
at com.intellij.rt.testng.IDEARemoteTestNG.run(IDEARemoteTestNG.java:66)
at com.intellij.rt.testng.RemoteTestNGStarter.main(RemoteTestNGStarter.java:109)
]]>
            </full-stacktrace>
          </exception> <!-- java.lang.AssertionError -->
          <reporter-output>
          </reporter-output>
        </test-method> <!-- testStatusCodeEquals400 -->
        <test-method signature="testStatusCodeEquals400(java.lang.String, java.lang.String)[pri:0, instance:primes.PrimesTests@49e202ad]" started-at="2021-02-17T21:41:26 GMT" name="testStatusCodeEquals400" data-provider="testStatusCodeEquals400" finished-at="2021-02-17T21:41:26 GMT" duration-ms="393" status="FAIL">
          <params>
            <param index="0">
              <value>
                <![CDATA[11]]>
              </value>
            </param>
            <param index="1">
              <value>
                <![CDATA[-235]]>
              </value>
            </param>
          </params>
          <exception class="java.lang.AssertionError">
            <message>
              <![CDATA[Testcase 11 has incorrect Status Code: expected [400] but found [200]]]>
            </message>
            <full-stacktrace>
              <![CDATA[java.lang.AssertionError: Testcase 11 has incorrect Status Code: expected [400] but found [200]
at org.testng.Assert.fail(Assert.java:99)
at org.testng.Assert.failNotEquals(Assert.java:1037)
at org.testng.Assert.assertEqualsImpl(Assert.java:140)
at org.testng.Assert.assertEquals(Assert.java:122)
at org.testng.Assert.assertEquals(Assert.java:907)
at primes.PrimesTests.testStatusCodeEquals400(PrimesTests.java:43)
at java.base/jdk.internal.reflect.NativeMethodAccessorImpl.invoke0(Native Method)
at java.base/jdk.internal.reflect.NativeMethodAccessorImpl.invoke(NativeMethodAccessorImpl.java:62)
at java.base/jdk.internal.reflect.DelegatingMethodAccessorImpl.invoke(DelegatingMethodAccessorImpl.java:43)
at java.base/java.lang.reflect.Method.invoke(Method.java:564)
at org.testng.internal.MethodInvocationHelper.invokeMethod(MethodInvocationHelper.java:132)
at org.testng.internal.TestInvoker.invokeMethod(TestInvoker.java:599)
at org.testng.internal.TestInvoker.invokeTestMethod(TestInvoker.java:174)
at org.testng.internal.MethodRunner.runInSequence(MethodRunner.java:46)
at org.testng.internal.TestInvoker$MethodInvocationAgent.invoke(TestInvoker.java:822)
at org.testng.internal.TestInvoker.invokeTestMethods(TestInvoker.java:147)
at org.testng.internal.TestMethodWorker.invokeTestMethods(TestMethodWorker.java:146)
at org.testng.internal.TestMethodWorker.run(TestMethodWorker.java:128)
at java.base/java.util.ArrayList.forEach(ArrayList.java:1510)
at org.testng.TestRunner.privateRun(TestRunner.java:764)
at org.testng.TestRunner.run(TestRunner.java:585)
at org.testng.SuiteRunner.runTest(SuiteRunner.java:384)
at org.testng.SuiteRunner.runSequentially(SuiteRunner.java:378)
at org.testng.SuiteRunner.privateRun(SuiteRunner.java:337)
at org.testng.SuiteRunner.run(SuiteRunner.java:286)
at org.testng.SuiteRunnerWorker.runSuite(SuiteRunnerWorker.java:53)
at org.testng.SuiteRunnerWorker.run(SuiteRunnerWorker.java:96)
at org.testng.TestNG.runSuitesSequentially(TestNG.java:1218)
at org.testng.TestNG.runSuitesLocally(TestNG.java:1140)
at org.testng.TestNG.runSuites(TestNG.java:1069)
at org.testng.TestNG.run(TestNG.java:1037)
at com.intellij.rt.testng.IDEARemoteTestNG.run(IDEARemoteTestNG.java:66)
at com.intellij.rt.testng.RemoteTestNGStarter.main(RemoteTestNGStarter.java:109)
]]>
            </full-stacktrace>
          </exception> <!-- java.lang.AssertionError -->
          <reporter-output>
          </reporter-output>
        </test-method> <!-- testStatusCodeEquals400 -->
        <test-method signature="testStatusCodeEquals400(java.lang.String, java.lang.String)[pri:0, instance:primes.PrimesTests@49e202ad]" started-at="2021-02-17T21:41:26 GMT" name="testStatusCodeEquals400" data-provider="testStatusCodeEquals400" finished-at="2021-02-17T21:41:26 GMT" duration-ms="304" status="PASS">
          <params>
            <param index="0">
              <value>
                <![CDATA[12]]>
              </value>
            </param>
            <param index="1">
              <value>
                <![CDATA[kofkwokf9]]>
              </value>
            </param>
          </params>
          <reporter-output>
          </reporter-output>
        </test-method> <!-- testStatusCodeEquals400 -->
        <test-method signature="testStatusCodeEquals400(java.lang.String, java.lang.String)[pri:0, instance:primes.PrimesTests@49e202ad]" started-at="2021-02-17T21:41:26 GMT" name="testStatusCodeEquals400" data-provider="testStatusCodeEquals400" finished-at="2021-02-17T21:41:27 GMT" duration-ms="400" status="PASS">
          <params>
            <param index="0">
              <value>
                <![CDATA[13]]>
              </value>
            </param>
            <param index="1">
              <value>
                <![CDATA[,./?dwd]]>
              </value>
            </param>
          </params>
          <reporter-output>
          </reporter-output>
        </test-method> <!-- testStatusCodeEquals400 -->
        <test-method signature="testStatusCodeEquals400(java.lang.String, java.lang.String)[pri:0, instance:primes.PrimesTests@49e202ad]" started-at="2021-02-17T21:41:27 GMT" name="testStatusCodeEquals400" data-provider="testStatusCodeEquals400" finished-at="2021-02-17T21:41:27 GMT" duration-ms="312" status="PASS">
          <params>
            <param index="0">
              <value>
                <![CDATA[14]]>
              </value>
            </param>
            <param index="1">
              <value>
                <![CDATA["90g,p]]>
              </value>
            </param>
          </params>
          <reporter-output>
          </reporter-output>
        </test-method> <!-- testStatusCodeEquals400 -->
        <test-method signature="testStatusCodeEquals400(java.lang.String, java.lang.String)[pri:0, instance:primes.PrimesTests@49e202ad]" started-at="2021-02-17T21:41:27 GMT" name="testStatusCodeEquals400" data-provider="testStatusCodeEquals400" finished-at="2021-02-17T21:41:28 GMT" duration-ms="352" status="PASS">
          <params>
            <param index="0">
              <value>
                <![CDATA[15]]>
              </value>
            </param>
            <param index="1">
              <value>
                <![CDATA[pi]]>
              </value>
            </param>
          </params>
          <reporter-output>
          </reporter-output>
        </test-method> <!-- testStatusCodeEquals400 -->
        <test-method signature="testStatusCodeEquals400(java.lang.String, java.lang.String)[pri:0, instance:primes.PrimesTests@49e202ad]" started-at="2021-02-17T21:41:28 GMT" name="testStatusCodeEquals400" data-provider="testStatusCodeEquals400" finished-at="2021-02-17T21:41:28 GMT" duration-ms="376" status="PASS">
          <params>
            <param index="0">
              <value>
                <![CDATA[16]]>
              </value>
            </param>
            <param index="1">
              <value>
                <![CDATA[10"fmm]]>
              </value>
            </param>
          </params>
          <reporter-output>
          </reporter-output>
        </test-method> <!-- testStatusCodeEquals400 -->
        <test-method signature="testStatusCodeEquals400(java.lang.String, java.lang.String)[pri:0, instance:primes.PrimesTests@49e202ad]" started-at="2021-02-17T21:41:28 GMT" name="testStatusCodeEquals400" data-provider="testStatusCodeEquals400" finished-at="2021-02-17T21:41:28 GMT" duration-ms="406" status="PASS">
          <params>
            <param index="0">
              <value>
                <![CDATA[17]]>
              </value>
            </param>
            <param index="1">
              <value>
                <![CDATA[gghsrhs]]>
              </value>
            </param>
          </params>
          <reporter-output>
          </reporter-output>
        </test-method> <!-- testStatusCodeEquals400 -->
        <test-method signature="testStatusCodeEquals400(java.lang.String, java.lang.String)[pri:0, instance:primes.PrimesTests@49e202ad]" started-at="2021-02-17T21:41:28 GMT" name="testStatusCodeEquals400" data-provider="testStatusCodeEquals400" finished-at="2021-02-17T21:41:29 GMT" duration-ms="312" status="FAIL">
          <params>
            <param index="0">
              <value>
                <![CDATA[18]]>
              </value>
            </param>
            <param index="1">
              <value>
                <![CDATA[-10]]>
              </value>
            </param>
          </params>
          <exception class="java.lang.AssertionError">
            <message>
              <![CDATA[Testcase 18 has incorrect Status Code: expected [400] but found [200]]]>
            </message>
            <full-stacktrace>
              <![CDATA[java.lang.AssertionError: Testcase 18 has incorrect Status Code: expected [400] but found [200]
at org.testng.Assert.fail(Assert.java:99)
at org.testng.Assert.failNotEquals(Assert.java:1037)
at org.testng.Assert.assertEqualsImpl(Assert.java:140)
at org.testng.Assert.assertEquals(Assert.java:122)
at org.testng.Assert.assertEquals(Assert.java:907)
at primes.PrimesTests.testStatusCodeEquals400(PrimesTests.java:43)
at jdk.internal.reflect.GeneratedMethodAccessor118.invoke(Unknown Source)
at java.base/jdk.internal.reflect.DelegatingMethodAccessorImpl.invoke(DelegatingMethodAccessorImpl.java:43)
at java.base/java.lang.reflect.Method.invoke(Method.java:564)
at org.testng.internal.MethodInvocationHelper.invokeMethod(MethodInvocationHelper.java:132)
at org.testng.internal.TestInvoker.invokeMethod(TestInvoker.java:599)
at org.testng.internal.TestInvoker.invokeTestMethod(TestInvoker.java:174)
at org.testng.internal.MethodRunner.runInSequence(MethodRunner.java:46)
at org.testng.internal.TestInvoker$MethodInvocationAgent.invoke(TestInvoker.java:822)
at org.testng.internal.TestInvoker.invokeTestMethods(TestInvoker.java:147)
at org.testng.internal.TestMethodWorker.invokeTestMethods(TestMethodWorker.java:146)
at org.testng.internal.TestMethodWorker.run(TestMethodWorker.java:128)
at java.base/java.util.ArrayList.forEach(ArrayList.java:1510)
at org.testng.TestRunner.privateRun(TestRunner.java:764)
at org.testng.TestRunner.run(TestRunner.java:585)
at org.testng.SuiteRunner.runTest(SuiteRunner.java:384)
at org.testng.SuiteRunner.runSequentially(SuiteRunner.java:378)
at org.testng.SuiteRunner.privateRun(SuiteRunner.java:337)
at org.testng.SuiteRunner.run(SuiteRunner.java:286)
at org.testng.SuiteRunnerWorker.runSuite(SuiteRunnerWorker.java:53)
at org.testng.SuiteRunnerWorker.run(SuiteRunnerWorker.java:96)
at org.testng.TestNG.runSuitesSequentially(TestNG.java:1218)
at org.testng.TestNG.runSuitesLocally(TestNG.java:1140)
at org.testng.TestNG.runSuites(TestNG.java:1069)
at org.testng.TestNG.run(TestNG.java:1037)
at com.intellij.rt.testng.IDEARemoteTestNG.run(IDEARemoteTestNG.java:66)
at com.intellij.rt.testng.RemoteTestNGStarter.main(RemoteTestNGStarter.java:109)
]]>
            </full-stacktrace>
          </exception> <!-- java.lang.AssertionError -->
          <reporter-output>
          </reporter-output>
        </test-method> <!-- testStatusCodeEquals400 -->
        <test-method signature="testStatusCodeEquals400(java.lang.String, java.lang.String)[pri:0, instance:primes.PrimesTests@49e202ad]" started-at="2021-02-17T21:41:29 GMT" name="testStatusCodeEquals400" data-provider="testStatusCodeEquals400" finished-at="2021-02-17T21:41:29 GMT" duration-ms="296" status="PASS">
          <params>
            <param index="0">
              <value>
                <![CDATA[19]]>
              </value>
            </param>
            <param index="1">
              <value>
                <![CDATA[55234.5]]>
              </value>
            </param>
          </params>
          <reporter-output>
          </reporter-output>
        </test-method> <!-- testStatusCodeEquals400 -->
        <test-method signature="testStatusCodeEquals400(java.lang.String, java.lang.String)[pri:0, instance:primes.PrimesTests@49e202ad]" started-at="2021-02-17T21:41:29 GMT" name="testStatusCodeEquals400" data-provider="testStatusCodeEquals400" finished-at="2021-02-17T21:41:29 GMT" duration-ms="304" status="PASS">
          <params>
            <param index="0">
              <value>
                <![CDATA[20]]>
              </value>
            </param>
            <param index="1">
              <value>
                <![CDATA[flpqlfp)]]>
              </value>
            </param>
          </params>
          <reporter-output>
          </reporter-output>
        </test-method> <!-- testStatusCodeEquals400 -->
      </class> <!-- primes.PrimesTests -->
    </test> <!-- PrimesTests -->
  </suite> <!-- Hiring Automation Test Suite -->
</testng-results>
